npm verbose cli C:\Program Files\nodejs\node.exe C:\Program Files\nodejs\node_modules\npm\bin\npm-cli.js
npm info using npm@10.9.0
npm info using node@v22.11.0
npm verbose title npm install
npm verbose argv "install" "--legacy-peer-deps" "--loglevel" "verbose"
npm verbose logfile logs-max:10 dir:C:\Users\Premiersoft\AppData\Local\npm-cache\_logs\2025-01-08T14_47_15_742Z-
npm verbose logfile C:\Users\Premiersoft\AppData\Local\npm-cache\_logs\2025-01-08T14_47_15_742Z-debug-0.log
npm http fetch GET 200 https://registry.npmjs.org/browserstack-cypress-cli 13ms (cache hit)
npm http fetch GET 200 https://registry.npmjs.org/cypress 6ms (cache hit)
npm http fetch GET 200 https://registry.npmjs.org/axios-retry 18ms (cache hit)
npm http fetch GET 200 https://registry.npmjs.org/chalk 21ms (cache hit)
npm http fetch GET 200 https://registry.npmjs.org/async 25ms (cache hit)
npm http fetch GET 200 https://registry.npmjs.org/archiver 28ms (cache hit)
npm http fetch GET 200 https://registry.npmjs.org/browserstack-local 29ms (cache hit)
npm http fetch GET 200 https://registry.npmjs.org/git-last-commit 29ms (cache hit)
npm http fetch GET 200 https://registry.npmjs.org/axios 33ms (cache hit)
npm http fetch GET 200 https://registry.npmjs.org/form-data 41ms (cache hit)
npm http fetch GET 200 https://registry.npmjs.org/getmac 45ms (cache hit)
npm http fetch GET 200 https://registry.npmjs.org/cli-progress 53ms (cache hit)
npm http fetch GET 200 https://registry.npmjs.org/fs-extra 56ms (cache hit)
npm http fetch GET 200 https://registry.npmjs.org/git-repo-info 49ms (cache hit)
npm http fetch GET 200 https://registry.npmjs.org/gitconfiglocal 49ms (cache hit)
npm http fetch GET 200 https://registry.npmjs.org/mocha 49ms (cache hit)
npm http fetch GET 200 https://registry.npmjs.org/node-ipc 67ms (cache hit)
npm http fetch GET 200 https://registry.npmjs.org/table 61ms (cache hit)
npm http fetch GET 200 https://registry.npmjs.org/mkdirp 75ms (cache hit)
npm http fetch GET 200 https://registry.npmjs.org/glob 82ms (cache hit)
npm http fetch GET 200 https://registry.npmjs.org/update-notifier 74ms (cache hit)
npm http fetch GET 200 https://registry.npmjs.org/windows-release 64ms (cache hit)
npm http fetch GET 200 https://registry.npmjs.org/uuid 69ms (cache hit)
npm http fetch GET 200 https://registry.npmjs.org/winston 70ms (cache hit)
npm http fetch GET 200 https://registry.npmjs.org/decompress 67ms (cache hit)
npm http fetch GET 200 https://registry.npmjs.org/yargs 72ms (cache hit)
npm http fetch GET 200 https://registry.npmjs.org/arch 45ms (cache hit)
npm http fetch GET 200 https://registry.npmjs.org/unzipper 58ms (cache hit)
npm http fetch GET 200 https://registry.npmjs.org/dayjs 53ms (cache hit)
npm http fetch GET 200 https://registry.npmjs.org/debug 47ms (cache hit)
npm http fetch GET 200 https://registry.npmjs.org/tmp 66ms (cache hit)
npm http fetch GET 200 https://registry.npmjs.org/execa 51ms (cache hit)
npm http fetch GET 200 https://registry.npmjs.org/getos 52ms (cache hit)
npm http fetch GET 200 https://registry.npmjs.org/buffer 50ms (cache hit)
npm http fetch GET 200 https://registry.npmjs.org/yauzl 58ms (cache hit)
npm http fetch GET 200 https://registry.npmjs.org/lodash 41ms (cache hit)
npm http fetch GET 200 https://registry.npmjs.org/listr2 53ms (cache hit)
npm http fetch GET 200 https://registry.npmjs.org/semver 43ms (cache hit)
npm http fetch GET 200 https://registry.npmjs.org/figures 38ms (cache hit)
npm http fetch GET 200 https://registry.npmjs.org/ospath 55ms (cache hit)
npm http fetch GET 200 https://registry.npmjs.org/ci-info 44ms (cache hit)
npm http fetch GET 200 https://registry.npmjs.org/process 41ms (cache hit)
npm http fetch GET 200 https://registry.npmjs.org/cachedir 36ms (cache hit)
npm http fetch GET 200 https://registry.npmjs.org/bluebird 39ms (cache hit)
npm http fetch GET 200 https://registry.npmjs.org/enquirer 34ms (cache hit)
npm http fetch GET 200 https://registry.npmjs.org/lazy-ass 34ms (cache hit)
npm http fetch GET 200 https://registry.npmjs.org/minimist 31ms (cache hit)
npm http fetch GET 200 https://registry.npmjs.org/commander 23ms (cache hit)
npm http fetch GET 200 https://registry.npmjs.org/blob-util 31ms (cache hit)
npm http fetch GET 200 https://registry.npmjs.org/tree-kill 27ms (cache hit)
npm http fetch GET 200 https://registry.npmjs.org/untildify 27ms (cache hit)
npm http fetch GET 200 https://registry.npmjs.org/cli-cursor 26ms (cache hit)
npm http fetch GET 200 https://registry.npmjs.org/executable 28ms (cache hit)
npm http fetch GET 200 https://registry.npmjs.org/cli-table3 31ms (cache hit)
npm http fetch GET 200 https://registry.npmjs.org/common-tags 27ms (cache hit)
npm http fetch GET 200 https://registry.npmjs.org/log-symbols 24ms (cache hit)
npm http fetch GET 200 https://registry.npmjs.org/extract-zip 27ms (cache hit)
npm http fetch GET 200 https://registry.npmjs.org/pretty-bytes 24ms (cache hit)
npm http fetch GET 200 https://registry.npmjs.org/@types%2fsizzle 20ms (cache hit)
npm http fetch GET 200 https://registry.npmjs.org/proxy-from-env 19ms (cache hit)
npm http fetch GET 200 https://registry.npmjs.org/@cypress%2fxvfb 23ms (cache hit)
npm http fetch GET 200 https://registry.npmjs.org/eventemitter2 22ms (cache hit)
npm http fetch GET 200 https://registry.npmjs.org/supports-color 21ms (cache hit)
npm http fetch GET 200 https://registry.npmjs.org/@cypress%2frequest 19ms (cache hit)
npm http fetch GET 200 https://registry.npmjs.org/check-more-types 18ms (cache hit)
npm http fetch GET 200 https://registry.npmjs.org/request-progress 18ms (cache hit)
npm http fetch GET 200 https://registry.npmjs.org/is-installed-globally 18ms (cache hit)
npm http fetch GET 200 https://registry.npmjs.org/@types%2fsinonjs__fake-timers 17ms (cache hit)
npm http fetch GET 200 https://registry.npmjs.org/readdir-glob 14ms (cache hit)
npm http fetch GET 200 https://registry.npmjs.org/tar-stream 16ms (cache hit)
npm http fetch GET 200 https://registry.npmjs.org/buffer-crc32 20ms (cache hit)
npm http fetch GET 200 https://registry.npmjs.org/zip-stream 20ms (cache hit)
npm http fetch GET 200 https://registry.npmjs.org/@babel%2fruntime 25ms (cache hit)
npm http fetch GET 200 https://registry.npmjs.org/follow-redirects 38ms (cache hit)
npm http fetch GET 200 https://registry.npmjs.org/readable-stream 41ms (cache hit)
npm http fetch GET 200 https://registry.npmjs.org/temp-fs 43ms (cache hit)
npm http fetch GET 200 https://registry.npmjs.org/archiver-utils 47ms (cache hit)
npm http fetch GET 200 https://registry.npmjs.org/ps-tree 45ms (cache hit)
npm http fetch GET 200 https://registry.npmjs.org/is-retry-allowed 46ms (cache hit)
npm http fetch GET 200 https://registry.npmjs.org/agent-base 43ms (cache hit)
npm http fetch GET 200 https://registry.npmjs.org/is-running 43ms (cache hit)
npm http fetch GET 200 https://registry.npmjs.org/https-proxy-agent 43ms (cache hit)
npm http fetch GET 200 https://registry.npmjs.org/string-width 28ms (cache hit)
npm http fetch GET 200 https://registry.npmjs.org/decompress-tar 28ms (cache hit)
npm http fetch GET 200 https://registry.npmjs.org/decompress-tarbz2 26ms (cache hit)
npm http fetch GET 200 https://registry.npmjs.org/ansi-styles 48ms (cache hit)
npm http fetch GET 200 https://registry.npmjs.org/decompress-unzip 24ms (cache hit)
npm http fetch GET 200 https://registry.npmjs.org/decompress-targz 26ms (cache hit)
npm http fetch GET 200 https://registry.npmjs.org/graceful-fs 27ms (cache hit)
npm http fetch GET 200 https://registry.npmjs.org/make-dir 29ms (cache hit)
npm http fetch GET 200 https://registry.npmjs.org/pify 25ms (cache hit)
npm http fetch GET 200 https://registry.npmjs.org/asynckit 23ms (cache hit)
npm http fetch GET 200 https://registry.npmjs.org/combined-stream 22ms (cache hit)
npm http fetch GET 200 https://registry.npmjs.org/strip-dirs 28ms (cache hit)
npm http fetch GET 200 https://registry.npmjs.org/mime-types 23ms (cache hit)
npm http fetch GET 200 https://registry.npmjs.org/jsonfile 24ms (cache hit)
npm http fetch GET 200 https://registry.npmjs.org/graceful-fs 24ms (cache hit)
npm http fetch GET 200 https://registry.npmjs.org/ini 21ms (cache hit)
npm http fetch GET 200 https://registry.npmjs.org/universalify 26ms (cache hit)
npm http fetch GET 200 https://registry.npmjs.org/@types%2fnode 39ms (cache hit)
npm http fetch GET 200 https://registry.npmjs.org/once 108ms (cache hit)
npm http fetch GET 200 https://registry.npmjs.org/inflight 106ms (cache hit)
npm http fetch GET 200 https://registry.npmjs.org/inherits 105ms (cache hit)
npm http fetch GET 200 https://registry.npmjs.org/minimatch 107ms (cache hit)
npm http fetch GET 200 https://registry.npmjs.org/he 105ms (cache hit)
npm http fetch GET 200 https://registry.npmjs.org/fs.realpath 109ms (cache hit)
npm http fetch GET 200 https://registry.npmjs.org/path-is-absolute 109ms (cache hit)
npm http fetch GET 200 https://registry.npmjs.org/ms 107ms (cache hit)
npm http fetch GET 200 https://registry.npmjs.org/yargs 107ms (cache hit)
npm http fetch GET 200 https://registry.npmjs.org/diff 116ms (cache hit)
npm http fetch GET 200 https://registry.npmjs.org/find-up 31ms (cache hit)
npm http fetch GET 200 https://registry.npmjs.org/js-yaml 29ms (cache hit)
npm http fetch GET 200 https://registry.npmjs.org/chokidar 30ms (cache hit)
npm http fetch GET 200 https://registry.npmjs.org/minimatch 33ms (cache hit)
npm http fetch GET 200 https://registry.npmjs.org/workerpool 32ms (cache hit)
npm http fetch GET 200 https://registry.npmjs.org/ansi-colors 33ms (cache hit)
npm http fetch GET 200 https://registry.npmjs.org/yargs-parser 35ms (cache hit)
npm http fetch GET 200 https://registry.npmjs.org/browser-stdout 41ms (cache hit)
npm http fetch GET 200 https://registry.npmjs.org/yargs-unparser 40ms (cache hit)
npm http fetch GET 200 https://registry.npmjs.org/escape-string-regexp 32ms (cache hit)
npm http fetch GET 200 https://registry.npmjs.org/strip-json-comments 34ms (cache hit)
npm http fetch GET 200 https://registry.npmjs.org/serialize-javascript 34ms (cache hit)
npm http fetch GET 200 https://registry.npmjs.org/js-queue 31ms (cache hit)
npm http fetch GET 200 https://registry.npmjs.org/event-pubsub 26ms (cache hit)
npm http fetch GET 200 https://registry.npmjs.org/js-message 31ms (cache hit)
npm http fetch GET 200 https://registry.npmjs.org/slice-ansi 25ms (cache hit)
npm http fetch GET 200 https://registry.npmjs.org/duplexer2 22ms (cache hit)
npm http fetch GET 200 https://registry.npmjs.org/ajv 32ms (cache hit)
npm http fetch GET 200 https://registry.npmjs.org/node-int64 29ms (cache hit)
npm http fetch GET 200 https://registry.npmjs.org/pupa 33ms (cache hit)
npm http fetch GET 200 https://registry.npmjs.org/is-in-ci 30ms (cache hit)
npm http fetch GET 200 https://registry.npmjs.org/boxen 34ms (cache hit)
npm http fetch GET 200 https://registry.npmjs.org/is-npm 35ms (cache hit)
npm http fetch GET 200 https://registry.npmjs.org/configstore 35ms (cache hit)
npm http fetch GET 200 https://registry.npmjs.org/semver-diff 34ms (cache hit)
npm http fetch GET 200 https://registry.npmjs.org/import-lazy 41ms (cache hit)
npm http fetch GET 200 https://registry.npmjs.org/xdg-basedir 40ms (cache hit)
npm http fetch GET 200 https://registry.npmjs.org/latest-version 41ms (cache hit)
npm http fetch GET 200 https://registry.npmjs.org/eyes 34ms (cache hit)
npm http fetch GET 200 https://registry.npmjs.org/cycle 34ms (cache hit)
npm http fetch GET 200 https://registry.npmjs.org/colors 30ms (cache hit)
npm http fetch GET 200 https://registry.npmjs.org/stack-trace 27ms (cache hit)
npm http fetch GET 200 https://registry.npmjs.org/isstream 30ms (cache hit)
npm http fetch GET 200 https://registry.npmjs.org/y18n 27ms (cache hit)
npm http fetch GET 200 https://registry.npmjs.org/cliui 25ms (cache hit)
npm http fetch GET 200 https://registry.npmjs.org/decamelize 24ms (cache hit)
npm http fetch GET 200 https://registry.npmjs.org/set-blocking 19ms (cache hit)
npm http fetch GET 200 https://registry.npmjs.org/get-caller-file 14ms (cache hit)
npm http fetch GET 200 https://registry.npmjs.org/which-module 17ms (cache hit)
npm http fetch GET 200 https://registry.npmjs.org/require-directory 15ms (cache hit)
npm http fetch GET 200 https://registry.npmjs.org/require-main-filename 14ms (cache hit)
npm http fetch GET 200 https://registry.npmjs.org/lazystream 15ms (cache hit)
npm http fetch GET 200 https://registry.npmjs.org/lodash.defaults 16ms (cache hit)
npm http fetch GET 200 https://registry.npmjs.org/lodash.union 16ms (cache hit)
npm http fetch GET 200 https://registry.npmjs.org/lodash.isplainobject 17ms (cache hit)
npm http fetch GET 200 https://registry.npmjs.org/util-deprecate 15ms (cache hit)
npm http fetch GET 200 https://registry.npmjs.org/lodash.flatten 19ms (cache hit)
npm http fetch GET 200 https://registry.npmjs.org/lodash.difference 19ms (cache hit)
npm http fetch GET 200 https://registry.npmjs.org/string_decoder 18ms (cache hit)
npm http fetch GET 200 https://registry.npmjs.org/bl 17ms (cache hit)
npm http fetch GET 200 https://registry.npmjs.org/normalize-path 21ms (cache hit)
npm http fetch GET 200 https://registry.npmjs.org/end-of-stream 19ms (cache hit)
npm http fetch GET 200 https://registry.npmjs.org/compress-commons 9ms (cache hit)
npm http fetch GET 200 https://registry.npmjs.org/fs-constants 12ms (cache hit)
npm http fetch GET 200 https://registry.npmjs.org/isarray 8ms (cache hit)
npm http fetch GET 200 https://registry.npmjs.org/process-nextick-args 9ms (cache hit)
npm http fetch GET 200 https://registry.npmjs.org/safe-buffer 10ms (cache hit)
npm http fetch GET 200 https://registry.npmjs.org/core-util-is 10ms (cache hit)
npm http fetch GET 200 https://registry.npmjs.org/regenerator-runtime 3ms (cache hit)
npm http fetch GET 200 https://registry.npmjs.org/event-stream 3ms (cache hit)
npm http fetch GET 200 https://registry.npmjs.org/rimraf 4ms (cache hit)
npm http fetch GET 200 https://registry.npmjs.org/has-flag 3ms (cache hit)
npm http fetch GET 200 https://registry.npmjs.org/color-convert 4ms (cache hit)
npm http fetch GET 200 https://registry.npmjs.org/color-name 3ms (cache hit)
npm http fetch GET 200 https://registry.npmjs.org/is-fullwidth-code-point 5ms (cache hit)
npm http fetch GET 200 https://registry.npmjs.org/emoji-regex 6ms (cache hit)
npm http fetch GET 200 https://registry.npmjs.org/strip-ansi 7ms (cache hit)
npm http fetch GET 200 https://registry.npmjs.org/extend 14ms (cache hit)
npm http fetch GET 200 https://registry.npmjs.org/aws-sign2 16ms (cache hit)
npm http fetch GET 200 https://registry.npmjs.org/forever-agent 17ms (cache hit)
npm http fetch GET 200 https://registry.npmjs.org/http-signature 17ms (cache hit)
npm http fetch GET 200 https://registry.npmjs.org/json-stringify-safe 18ms (cache hit)
npm http fetch GET 200 https://registry.npmjs.org/tough-cookie 17ms (cache hit)
npm http fetch GET 200 https://registry.npmjs.org/aws4 22ms (cache hit)
npm http fetch GET 200 https://registry.npmjs.org/caseless 23ms (cache hit)
npm http fetch GET 200 https://registry.npmjs.org/is-typedarray 23ms (cache hit)
npm http fetch GET 200 https://registry.npmjs.org/performance-now 23ms (cache hit)
npm http fetch GET 200 https://registry.npmjs.org/qs 24ms (cache hit)
npm http fetch GET 200 https://registry.npmjs.org/tunnel-agent 22ms (cache hit)
npm http fetch GET 200 https://registry.npmjs.org/base64-js 21ms (cache hit)
npm http fetch GET 200 https://registry.npmjs.org/ieee754 21ms (cache hit)
npm http fetch GET 200 https://registry.npmjs.org/lodash.once 24ms (cache hit)
npm http fetch GET 200 https://registry.npmjs.org/restore-cursor 22ms (cache hit)
npm http fetch GET 200 https://registry.npmjs.org/@colors%2fcolors 21ms (cache hit)
npm http fetch GET 200 https://registry.npmjs.org/get-stream 21ms (cache hit)
npm http fetch GET 200 https://registry.npmjs.org/onetime 25ms (cache hit)
npm http fetch GET 200 https://registry.npmjs.org/cross-spawn 24ms (cache hit)
npm http fetch GET 200 https://registry.npmjs.org/is-stream 26ms (cache hit)
npm http fetch GET 200 https://registry.npmjs.org/signal-exit 24ms (cache hit)
npm http fetch GET 200 https://registry.npmjs.org/human-signals 19ms (cache hit)
npm http fetch GET 200 https://registry.npmjs.org/merge-stream 24ms (cache hit)
npm http fetch GET 200 https://registry.npmjs.org/npm-run-path 24ms (cache hit)
npm http fetch GET 200 https://registry.npmjs.org/get-stream 23ms (cache hit)
npm http fetch GET 200 https://registry.npmjs.org/@types%2fyauzl 25ms (cache hit)
npm http fetch GET 200 https://registry.npmjs.org/strip-final-newline 27ms (cache hit)
npm http fetch GET 200 https://registry.npmjs.org/is-path-inside 20ms (cache hit)
npm http fetch GET 200 https://registry.npmjs.org/at-least-node 24ms (cache hit)
npm http fetch GET 200 https://registry.npmjs.org/global-dirs 24ms (cache hit)
npm http fetch GET 200 https://registry.npmjs.org/rfdc 22ms (cache hit)
npm http fetch GET 200 https://registry.npmjs.org/rxjs 25ms (cache hit)
npm http fetch GET 200 https://registry.npmjs.org/p-map 30ms (cache hit)
npm http fetch GET 200 https://registry.npmjs.org/through 28ms (cache hit)
npm http fetch GET 200 https://registry.npmjs.org/wrap-ansi 25ms (cache hit)
npm http fetch GET 200 https://registry.npmjs.org/cli-truncate 23ms (cache hit)
npm http fetch GET 200 https://registry.npmjs.org/fd-slicer 22ms (cache hit)
npm http fetch GET 200 https://registry.npmjs.org/colorette 29ms (cache hit)
npm http fetch GET 200 https://registry.npmjs.org/is-unicode-supported 24ms (cache hit)
npm http fetch GET 200 https://registry.npmjs.org/log-update 26ms (cache hit)
npm http fetch GET 200 https://registry.npmjs.org/throttleit 25ms (cache hit)
npm http fetch GET 200 https://registry.npmjs.org/sshpk 10ms (cache hit)
npm http fetch GET 200 https://registry.npmjs.org/assert-plus 13ms (cache hit)
npm http fetch GET 200 https://registry.npmjs.org/delayed-stream 13ms (cache hit)
npm http fetch GET 200 https://registry.npmjs.org/mime-db 15ms (cache hit)
npm http fetch GET 200 https://registry.npmjs.org/jsprim 17ms (cache hit)
npm http fetch GET 200 https://registry.npmjs.org/side-channel 19ms (cache hit)
npm http fetch GET 200 https://registry.npmjs.org/tldts 24ms (cache hit)
npm http fetch GET 200 https://registry.npmjs.org/is-natural-number 38ms (cache hit)
npm http fetch GET 200 https://registry.npmjs.org/file-type 42ms (cache hit)
npm http fetch GET 200 https://registry.npmjs.org/file-type 48ms (cache hit)
npm http fetch GET 200 https://registry.npmjs.org/file-type 53ms (cache hit)
npm http fetch GET 200 https://registry.npmjs.org/unbzip2-stream 57ms (cache hit)
npm http fetch GET 200 https://registry.npmjs.org/file-type 58ms (cache hit)
npm http fetch GET 200 https://registry.npmjs.org/seek-bzip 62ms (cache hit)
npm http fetch GET 200 https://registry.npmjs.org/buffer-alloc 7ms (cache hit)
npm http fetch GET 200 https://registry.npmjs.org/to-buffer 7ms (cache hit)
npm http fetch GET 200 https://registry.npmjs.org/xtend 8ms (cache hit)
npm http fetch GET 200 https://registry.npmjs.org/object-assign 4ms (cache hit)
npm http fetch GET 200 https://registry.npmjs.org/pinkie-promise 5ms (cache hit)
npm http fetch GET 200 https://registry.npmjs.org/ansi-regex 5ms (cache hit)
npm http fetch GET 200 https://registry.npmjs.org/shebang-command 21ms (cache hit)
npm http fetch GET 200 https://registry.npmjs.org/path-key 22ms (cache hit)
npm http fetch GET 200 https://registry.npmjs.org/path-key 22ms (cache hit)
npm http fetch GET 200 https://registry.npmjs.org/which 23ms (cache hit)
npm http fetch GET 200 https://registry.npmjs.org/mimic-fn 24ms (cache hit)
npm http fetch GET 200 https://registry.npmjs.org/pump 25ms (cache hit)
npm http fetch GET 200 https://registry.npmjs.org/shebang-regex 3ms (cache hit)
npm http fetch GET 200 https://registry.npmjs.org/isexe 4ms (cache hit)
npm http fetch GET 200 https://registry.npmjs.org/@types%2fnode 18ms (cache hit)
npm http fetch GET 200 https://registry.npmjs.org/undici-types 4ms (cache hit)
npm http fetch GET 200 https://registry.npmjs.org/pinkie 4ms (cache hit)
npm http fetch GET 200 https://registry.npmjs.org/brace-expansion 5ms (cache hit)
npm http fetch GET 200 https://registry.npmjs.org/wrappy 6ms (cache hit)
npm http fetch GET 200 https://registry.npmjs.org/wrappy 7ms (cache hit)
npm http fetch GET 200 https://registry.npmjs.org/json-schema 16ms (cache hit)
npm http fetch GET 200 https://registry.npmjs.org/asn1 15ms (cache hit)
npm http fetch GET 200 https://registry.npmjs.org/dashdash 16ms (cache hit)
npm http fetch GET 200 https://registry.npmjs.org/extsprintf 18ms (cache hit)
npm http fetch GET 200 https://registry.npmjs.org/getpass 18ms (cache hit)
npm http fetch GET 200 https://registry.npmjs.org/tweetnacl 18ms (cache hit)
npm http fetch GET 200 https://registry.npmjs.org/ecc-jsbn 19ms (cache hit)
npm http fetch GET 200 https://registry.npmjs.org/verror 20ms (cache hit)
npm http fetch GET 200 https://registry.npmjs.org/bcrypt-pbkdf 20ms (cache hit)
npm http fetch GET 200 https://registry.npmjs.org/safer-buffer 21ms (cache hit)
npm http fetch GET 200 https://registry.npmjs.org/jsbn 20ms (cache hit)
npm http fetch GET 200 https://registry.npmjs.org/tslib 6ms (cache hit)
npm http fetch GET 200 https://registry.npmjs.org/aggregate-error 7ms (cache hit)
npm http fetch GET 200 https://registry.npmjs.org/ansi-escapes 8ms (cache hit)
npm http fetch GET 200 https://registry.npmjs.org/astral-regex 3ms (cache hit)
npm http fetch GET 200 https://registry.npmjs.org/type-fest 3ms (cache hit)
npm http fetch GET 200 https://registry.npmjs.org/concat-map 4ms (cache hit)
npm http fetch GET 200 https://registry.npmjs.org/balanced-match 4ms (cache hit)
npm http fetch GET 200 https://registry.npmjs.org/braces 14ms (cache hit)
npm http fetch GET 200 https://registry.npmjs.org/is-glob 16ms (cache hit)
npm http fetch GET 200 https://registry.npmjs.org/anymatch 17ms (cache hit)
npm http fetch GET 200 https://registry.npmjs.org/readdirp 19ms (cache hit)
npm http fetch GET 200 https://registry.npmjs.org/glob-parent 20ms (cache hit)
npm http fetch GET 200 https://registry.npmjs.org/locate-path 21ms (cache hit)
npm http fetch GET 200 https://registry.npmjs.org/fsevents 22ms (cache hit)
npm http fetch GET 200 https://registry.npmjs.org/is-binary-path 23ms (cache hit)
npm http fetch GET 200 https://registry.npmjs.org/path-exists 23ms (cache hit)
npm http fetch GET 200 https://registry.npmjs.org/argparse 23ms (cache hit)
npm http fetch GET 200 https://registry.npmjs.org/randombytes 23ms (cache hit)
npm http fetch GET 200 https://registry.npmjs.org/camelcase 13ms (cache hit)
npm http fetch GET 200 https://registry.npmjs.org/is-plain-obj 11ms (cache hit)
npm http fetch GET 200 https://registry.npmjs.org/flat 13ms (cache hit)
npm http fetch GET 200 https://registry.npmjs.org/escalade 16ms (cache hit)
npm http fetch GET 200 https://registry.npmjs.org/is-extglob 28ms (cache hit)
npm http fetch GET 200 https://registry.npmjs.org/picomatch 29ms (cache hit)
npm http fetch GET 200 https://registry.npmjs.org/picomatch 31ms (cache hit)
npm http fetch GET 200 https://registry.npmjs.org/fill-range 31ms (cache hit)
npm http fetch GET 200 https://registry.npmjs.org/binary-extensions 32ms (cache hit)
npm http fetch GET 200 https://registry.npmjs.org/to-regex-range 5ms (cache hit)
npm http fetch GET 200 https://registry.npmjs.org/is-number 3ms (cache hit)
npm http fetch GET 200 https://registry.npmjs.org/p-locate 2ms (cache hit)
npm http fetch GET 200 https://registry.npmjs.org/p-limit 2ms (cache hit)
npm http fetch GET 200 https://registry.npmjs.org/easy-stack 3ms (cache hit)
npm http fetch GET 200 https://registry.npmjs.org/yocto-queue 3ms (cache hit)
npm http fetch GET 200 https://registry.npmjs.org/clean-stack 3ms (cache hit)
npm http fetch GET 200 https://registry.npmjs.org/indent-string 4ms (cache hit)
npm http fetch GET 200 https://registry.npmjs.org/duplexer 7ms (cache hit)
npm http fetch GET 200 https://registry.npmjs.org/pause-stream 7ms (cache hit)
npm http fetch GET 200 https://registry.npmjs.org/from 8ms (cache hit)
npm http fetch GET 200 https://registry.npmjs.org/stream-combiner 8ms (cache hit)
npm http fetch GET 200 https://registry.npmjs.org/map-stream 9ms (cache hit)
npm http fetch GET 200 https://registry.npmjs.org/split 9ms (cache hit)
npm http fetch GET 200 https://registry.npmjs.org/object-inspect 6ms (cache hit)
npm http fetch GET 200 https://registry.npmjs.org/side-channel-map 7ms (cache hit)
npm http fetch GET 200 https://registry.npmjs.org/es-errors 10ms (cache hit)
npm http fetch GET 200 https://registry.npmjs.org/side-channel-weakmap 11ms (cache hit)
npm http fetch GET 200 https://registry.npmjs.org/side-channel-list 11ms (cache hit)
npm http fetch GET 200 https://registry.npmjs.org/call-bound 4ms (cache hit)
npm http fetch GET 200 https://registry.npmjs.org/call-bound 6ms (cache hit)
npm http fetch GET 200 https://registry.npmjs.org/get-intrinsic 34ms (cache hit)
npm http fetch GET 200 https://registry.npmjs.org/get-intrinsic 37ms (cache hit)
npm http fetch GET 200 https://registry.npmjs.org/get-proto 14ms (cache hit)
npm http fetch GET 200 https://registry.npmjs.org/es-object-atoms 15ms (cache hit)
npm http fetch GET 200 https://registry.npmjs.org/call-bind-apply-helpers 16ms (cache hit)
npm http fetch GET 200 https://registry.npmjs.org/call-bind-apply-helpers 17ms (cache hit)
npm http fetch GET 200 https://registry.npmjs.org/hasown 17ms (cache hit)
npm http fetch GET 200 https://registry.npmjs.org/es-define-property 18ms (cache hit)
npm http fetch GET 200 https://registry.npmjs.org/has-symbols 18ms (cache hit)
npm http fetch GET 200 https://registry.npmjs.org/function-bind 19ms (cache hit)
npm http fetch GET 200 https://registry.npmjs.org/math-intrinsics 19ms (cache hit)
npm http fetch GET 200 https://registry.npmjs.org/gopd 20ms (cache hit)
npm http fetch GET 200 https://registry.npmjs.org/dunder-proto 4ms (cache hit)
npm http fetch GET 200 https://registry.npmjs.org/uri-js 8ms (cache hit)
npm http fetch GET 200 https://registry.npmjs.org/fast-json-stable-stringify 10ms (cache hit)
npm http fetch GET 200 https://registry.npmjs.org/json-schema-traverse 11ms (cache hit)
npm http fetch GET 200 https://registry.npmjs.org/fast-deep-equal 12ms (cache hit)
npm http fetch GET 200 https://registry.npmjs.org/punycode 3ms (cache hit)
npm http fetch GET 200 https://registry.npmjs.org/tldts-core 10ms (cache hit)
npm http fetch GET 200 https://registry.npmjs.org/dot-prop 13ms (cache hit)
npm http fetch GET 200 https://registry.npmjs.org/widest-line 14ms (cache hit)
npm http fetch GET 200 https://registry.npmjs.org/ansi-align 15ms (cache hit)
npm http fetch GET 200 https://registry.npmjs.org/write-file-atomic 15ms (cache hit)
npm http fetch GET 200 https://registry.npmjs.org/unique-string 18ms (cache hit)
npm http fetch GET 200 https://registry.npmjs.org/cli-boxes 20ms (cache hit)
npm http fetch GET 200 https://registry.npmjs.org/package-json 19ms (cache hit)
npm http fetch GET 200 https://registry.npmjs.org/escape-goat 21ms (cache hit)
npm http fetch GET 200 https://registry.npmjs.org/eastasianwidth 7ms (cache hit)
npm http fetch GET 200 https://registry.npmjs.org/crypto-random-string 6ms (cache hit)
npm http fetch GET 200 https://registry.npmjs.org/typedarray-to-buffer 7ms (cache hit)
npm http fetch GET 200 https://registry.npmjs.org/is-obj 9ms (cache hit)
npm http fetch GET 200 https://registry.npmjs.org/imurmurhash 10ms (cache hit)
npm http fetch GET 200 https://registry.npmjs.org/registry-auth-token 4ms (cache hit)
npm http fetch GET 200 https://registry.npmjs.org/registry-url 5ms (cache hit)
npm http fetch GET 200 https://registry.npmjs.org/got 7ms (cache hit)
npm http fetch GET 200 https://registry.npmjs.org/http2-wrapper 15ms (cache hit)
npm http fetch GET 200 https://registry.npmjs.org/responselike 17ms (cache hit)
npm http fetch GET 200 https://registry.npmjs.org/@sindresorhus%2fis 17ms (cache hit)
npm http fetch GET 200 https://registry.npmjs.org/p-cancelable 19ms (cache hit)
npm http fetch GET 200 https://registry.npmjs.org/decompress-response 21ms (cache hit)
npm http fetch GET 200 https://registry.npmjs.org/lowercase-keys 22ms (cache hit)
npm http fetch GET 200 https://registry.npmjs.org/cacheable-lookup 22ms (cache hit)
npm http fetch GET 200 https://registry.npmjs.org/cacheable-request 23ms (cache hit)
npm http fetch GET 200 https://registry.npmjs.org/@szmarczak%2fhttp-timer 25ms (cache hit)
npm http fetch GET 200 https://registry.npmjs.org/form-data-encoder 26ms (cache hit)
npm http fetch GET 200 https://registry.npmjs.org/@pnpm%2fnpm-conf 27ms (cache hit)
npm http fetch GET 200 https://registry.npmjs.org/rc 15ms (cache hit)
npm http fetch GET 200 https://registry.npmjs.org/mimic-response 10ms (cache hit)
npm http fetch GET 200 https://registry.npmjs.org/http-cache-semantics 12ms (cache hit)
npm http fetch GET 200 https://registry.npmjs.org/@types%2fhttp-cache-semantics 13ms (cache hit)
npm http fetch GET 200 https://registry.npmjs.org/defer-to-connect 14ms (cache hit)
npm http fetch GET 200 https://registry.npmjs.org/keyv 15ms (cache hit)
npm http fetch GET 200 https://registry.npmjs.org/mimic-response 17ms (cache hit)
npm http fetch GET 200 https://registry.npmjs.org/quick-lru 16ms (cache hit)
npm http fetch GET 200 https://registry.npmjs.org/normalize-url 18ms (cache hit)
npm http fetch GET 200 https://registry.npmjs.org/resolve-alpn 18ms (cache hit)
npm http fetch GET 200 https://registry.npmjs.org/json-buffer 5ms (cache hit)
npm http fetch GET 200 https://registry.npmjs.org/config-chain 7ms (cache hit)
npm http fetch GET 200 https://registry.npmjs.org/@pnpm%2fconfig.env-replace 8ms (cache hit)
npm http fetch GET 200 https://registry.npmjs.org/@pnpm%2fnetwork.ca-file 10ms (cache hit)
npm http fetch GET 200 https://registry.npmjs.org/proto-list 2ms (cache hit)
npm http fetch GET 200 https://registry.npmjs.org/deep-extend 3ms (cache hit)
npm http fetch GET 200 https://registry.npmjs.org/pend 5ms (cache hit)
npm http fetch GET 200 https://registry.npmjs.org/crc32-stream 2ms (cache hit)
npm http fetch GET 200 https://registry.npmjs.org/crc-32 4ms (cache hit)
npm http fetch GET 200 https://registry.npmjs.org/buffer-fill 5ms (cache hit)
npm http fetch GET 200 https://registry.npmjs.org/buffer-alloc-unsafe 5ms (cache hit)
npm http fetch GET 200 https://registry.npmjs.org/p-try 3ms (cache hit)
npm verbose reify failed optional dependency C:\Users\Premiersoft\Desktop\Material Academy QA - Marcos Aurélio\automacao2\tmpBstackPackages\node_modules\fsevents
npm http fetch POST 200 https://registry.npmjs.org/-/npm/v1/security/advisories/bulk 780ms
npm warn deprecated inflight@1.0.6: This module is not supported, and leaks memory. Do not use it. Check out lru-cache if you want a good and tested way to coalesce async requests by a key value, which is much more comprehensive and powerful.
npm warn deprecated rimraf@2.5.4: Rimraf versions prior to v4 are no longer supported
npm warn deprecated glob@7.2.3: Glob versions prior to v9 are no longer supported
npm warn deprecated glob@8.1.0: Glob versions prior to v9 are no longer supported
npm info run cypress@13.17.0 postinstall node_modules/cypress node index.js --exec install
npm info run cypress@13.17.0 postinstall { code: 0, signal: null }

added 466 packages, and audited 467 packages in 8s

96 packages are looking for funding
  run `npm fund` for details

found 0 vulnerabilities
npm verbose cwd C:\Users\Premiersoft\Desktop\Material Academy QA - Marcos Aurélio\automacao2\tmpBstackPackages
npm verbose os Windows_NT 10.0.22631
npm verbose node v22.11.0
npm verbose npm  v10.9.0
npm verbose exit 0
npm info ok
